[2018-06-07 01:53:24      Directions.py] INFO    - Connection being established
[2018-06-07 01:55:40      Directions.py] INFO    - Connection being established
[2018-06-07 01:55:40      Directions.py] INFO    - Binding to port 8888
[2018-06-07 01:55:40      Directions.py] INFO    - Sending message to DNS server
[2018-06-07 01:56:28      Directions.py] INFO    - Connection being established
[2018-06-07 01:56:28      Directions.py] INFO    - Binding to port 8888
[2018-06-07 01:56:28      Directions.py] INFO    - Sending message to DNS server
[2018-06-07 01:57:05      Directions.py] INFO    - Connection being established
[2018-06-07 01:57:05      Directions.py] INFO    - Binding to port 8888
[2018-06-07 01:57:05      Directions.py] INFO    - Sending message to DNS server
[2018-06-07 01:58:03      Directions.py] INFO    - Connection being established
[2018-06-07 01:58:03      Directions.py] INFO    - Binding to port 8888
[2018-06-07 01:58:03      Directions.py] INFO    - Sending message to DNS server
[2018-06-07 01:58:03      Directions.py] INFO    - Message was successfully received
[2018-06-07 01:59:05      Directions.py] INFO    - Connection being established
[2018-06-07 01:59:05      Directions.py] INFO    - Binding to port 8888
[2018-06-07 01:59:05      Directions.py] INFO    - Sending message to DNS server
[2018-06-07 01:59:05      Directions.py] INFO    - Message was successfully received
[2018-06-07 02:02:43      Directions.py] INFO    - Connection being established
[2018-06-07 02:02:43      Directions.py] INFO    - Binding to port 8888
[2018-06-07 02:02:43      Directions.py] INFO    - Sending message to DNS server
[2018-06-07 02:02:43      Directions.py] INFO    - Message was successfully received
[2018-06-07 02:19:10      Directions.py] INFO    - Connection being established
[2018-06-07 02:19:10      Directions.py] INFO    - Binding to port 8888
[2018-06-07 02:19:10      Directions.py] INFO    - Sending message to DNS server
[2018-06-07 02:19:10      Directions.py] INFO    - Message was successfully received
[2018-06-07 03:08:16      Directions.py] INFO    - Connection being established
[2018-06-07 03:08:16      Directions.py] INFO    - Binding to port 8888
[2018-06-07 03:08:16      Directions.py] INFO    - Sending message to DNS server
[2018-06-07 03:08:16      Directions.py] INFO    - Message was successfully received
[2018-06-07 03:09:31      Directions.py] INFO    - Connection being established
[2018-06-07 03:09:31      Directions.py] INFO    - Binding to port 8888
[2018-06-07 03:09:31      Directions.py] INFO    - Sending message to DNS server
[2018-06-07 03:09:31      Directions.py] INFO    - Message was successfully received
[2018-06-07 03:11:03      Directions.py] INFO    - Connection being established
[2018-06-07 03:11:03      Directions.py] INFO    - Binding to port 8888
[2018-06-07 03:11:03      Directions.py] INFO    - Sending message to DNS server
[2018-06-07 03:11:03      Directions.py] INFO    - Message was successfully received
[2018-06-07 03:12:21      Directions.py] INFO    - Connection being established
[2018-06-07 03:12:21      Directions.py] INFO    - Binding to port 8888
[2018-06-07 03:12:21      Directions.py] INFO    - Sending message to DNS server
[2018-06-07 03:12:21      Directions.py] INFO    - Message was successfully received
[2018-06-07 03:13:26      Directions.py] INFO    - Connection being established
[2018-06-07 03:13:26      Directions.py] INFO    - Binding to port 8888
[2018-06-07 03:13:26      Directions.py] INFO    - Sending message to DNS server
[2018-06-07 03:13:26      Directions.py] INFO    - Message was successfully received
[2018-06-07 03:19:19      Directions.py] INFO    - Connection being established
[2018-06-07 03:19:19      Directions.py] INFO    - Binding to port 8888
[2018-06-07 03:19:19      Directions.py] INFO    - Sending message to DNS server
[2018-06-07 03:19:19      Directions.py] INFO    - Message was successfully received
[2018-06-07 03:27:24      Directions.py] INFO    - Connection being established
[2018-06-07 03:27:24      Directions.py] INFO    - Binding to port 8888
[2018-06-07 03:27:24      Directions.py] INFO    - Sending message to DNS server
[2018-06-07 03:27:24      Directions.py] INFO    - Message was successfully received
[2018-06-07 03:27:49      Directions.py] INFO    - Connection being established
[2018-06-07 03:27:49      Directions.py] INFO    - Binding to port 8888
[2018-06-07 03:27:49      Directions.py] INFO    - Sending message to DNS server
[2018-06-07 03:27:49      Directions.py] INFO    - Message was successfully received
[2018-06-07 03:33:58      Directions.py] INFO    - Connection being established
[2018-06-07 03:33:58      Directions.py] INFO    - Binding to port 8888
[2018-06-07 03:33:58      Directions.py] INFO    - Sending message to DNS server
[2018-06-07 03:33:58      Directions.py] INFO    - Message was successfully received
[2018-06-07 03:34:50      Directions.py] INFO    - Connection being established
[2018-06-07 03:34:50      Directions.py] INFO    - Binding to port 8888
[2018-06-07 03:34:50      Directions.py] INFO    - Sending message to DNS server
[2018-06-07 03:34:50      Directions.py] INFO    - Message was successfully received
[2018-06-07 03:37:26      Directions.py] INFO    - Connection being established
[2018-06-07 03:37:26      Directions.py] INFO    - Binding to port 8888
[2018-06-07 03:37:26      Directions.py] INFO    - Sending message to DNS server
[2018-06-07 03:37:26      Directions.py] INFO    - Message was successfully received
[2018-06-07 03:39:54      Directions.py] INFO    - Connection being established
[2018-06-07 03:39:54      Directions.py] INFO    - Binding to port 8888
[2018-06-07 03:39:54      Directions.py] INFO    - Sending message to DNS server
[2018-06-07 03:39:54      Directions.py] INFO    - Message was successfully received
[2018-06-07 03:44:23      Directions.py] INFO    - Connection being established
[2018-06-07 03:44:23      Directions.py] INFO    - Binding to port 8888
[2018-06-07 03:44:23      Directions.py] INFO    - Sending message to DNS server
[2018-06-07 03:44:25      Directions.py] INFO    - Message was successfully received
[2018-06-07 03:49:55      Directions.py] INFO    - Connection being established
[2018-06-07 03:49:55      Directions.py] INFO    - Binding to port 8888
[2018-06-07 03:49:55      Directions.py] INFO    - Sending message to DNS server
[2018-06-07 03:49:55      Directions.py] INFO    - Message was successfully received
[2018-06-07 03:52:20      Directions.py] INFO    - Connection being established
[2018-06-07 03:52:20      Directions.py] INFO    - Binding to port 8888
[2018-06-07 03:52:20      Directions.py] INFO    - Sending message to DNS server
[2018-06-07 03:52:20      Directions.py] INFO    - Message was successfully received
[2018-06-07 03:52:52      Directions.py] INFO    - Connection being established
[2018-06-07 03:52:52      Directions.py] INFO    - Binding to port 8888
[2018-06-07 03:52:52      Directions.py] INFO    - Sending message to DNS server
[2018-06-07 03:52:52      Directions.py] INFO    - Message was successfully received
[2018-06-07 03:53:13      Directions.py] INFO    - Connection being established
[2018-06-07 03:53:13      Directions.py] INFO    - Binding to port 8888
[2018-06-07 03:53:13      Directions.py] INFO    - Sending message to DNS server
[2018-06-07 03:53:13      Directions.py] INFO    - Message was successfully received
[2018-06-07 03:54:08      Directions.py] INFO    - Connection being established
[2018-06-07 03:54:08      Directions.py] INFO    - Binding to port 8888
[2018-06-07 03:54:08      Directions.py] INFO    - Sending message to DNS server
[2018-06-07 03:54:08      Directions.py] INFO    - Message was successfully received
[2018-06-07 03:55:14      Directions.py] INFO    - Connection being established
[2018-06-07 03:55:14      Directions.py] INFO    - Binding to port 8888
[2018-06-07 03:55:14      Directions.py] INFO    - Sending message to DNS server
[2018-06-07 03:55:14      Directions.py] INFO    - Message was successfully received
[2018-06-07 03:56:25      Directions.py] INFO    - Connection being established
[2018-06-07 03:56:25      Directions.py] INFO    - Binding to port 8888
[2018-06-07 03:56:25      Directions.py] INFO    - Sending message to DNS server
[2018-06-07 03:56:25      Directions.py] INFO    - Message was successfully received
[2018-06-07 03:56:53      Directions.py] INFO    - Connection being established
[2018-06-07 03:56:53      Directions.py] INFO    - Binding to port 8888
[2018-06-07 03:56:53      Directions.py] INFO    - Sending message to DNS server
[2018-06-07 03:56:53      Directions.py] INFO    - Message was successfully received
[2018-06-07 03:57:12      Directions.py] INFO    - Connection being established
[2018-06-07 03:57:12      Directions.py] INFO    - Binding to port 8888
[2018-06-07 03:57:12      Directions.py] INFO    - Sending message to DNS server
[2018-06-07 03:57:12      Directions.py] INFO    - Message was successfully received
[2018-06-07 03:58:15      Directions.py] INFO    - Connection being established
[2018-06-07 03:58:15      Directions.py] INFO    - Binding to port 8888
[2018-06-07 03:58:15      Directions.py] INFO    - Sending message to DNS server
[2018-06-07 03:58:15      Directions.py] INFO    - Message was successfully received
[2018-06-07 03:59:44      Directions.py] INFO    - Connection being established
[2018-06-07 03:59:44      Directions.py] INFO    - Binding to port 8888
[2018-06-07 03:59:44      Directions.py] INFO    - Sending message to DNS server
[2018-06-07 03:59:44      Directions.py] INFO    - Message was successfully received
[2018-06-07 04:20:26      Directions.py] INFO    - Connection being established
[2018-06-07 04:20:26      Directions.py] INFO    - Binding to port 8888
[2018-06-07 04:20:26      Directions.py] INFO    - Sending message to DNS server
[2018-06-07 04:20:26      Directions.py] INFO    - Message was successfully received
[2018-06-07 04:21:18      Directions.py] INFO    - Connection being established
[2018-06-07 04:21:18      Directions.py] INFO    - Binding to port 8888
[2018-06-07 04:21:18      Directions.py] INFO    - Sending message to DNS server
[2018-06-07 04:21:18      Directions.py] INFO    - Message was successfully received
[2018-06-07 04:21:47      Directions.py] INFO    - Connection being established
[2018-06-07 04:21:47      Directions.py] INFO    - Binding to port 8888
[2018-06-07 04:21:47      Directions.py] INFO    - Sending message to DNS server
[2018-06-07 04:21:47      Directions.py] INFO    - Message was successfully received
[2018-06-07 04:22:31      Directions.py] INFO    - Connection being established
[2018-06-07 04:22:31      Directions.py] INFO    - Binding to port 8888
[2018-06-07 04:22:31      Directions.py] INFO    - Sending message to DNS server
[2018-06-07 04:22:31      Directions.py] INFO    - Message was successfully received
[2018-06-07 04:24:50      Directions.py] INFO    - Connection being established
[2018-06-07 04:24:50      Directions.py] INFO    - Binding to port 8888
[2018-06-07 04:24:50      Directions.py] INFO    - Sending message to DNS server
[2018-06-07 04:24:50      Directions.py] INFO    - Message was successfully received
[2018-06-07 04:25:25      Directions.py] INFO    - Connection being established
[2018-06-07 04:25:25      Directions.py] INFO    - Binding to port 8888
[2018-06-07 04:25:25      Directions.py] INFO    - Sending message to DNS server
[2018-06-07 04:25:25      Directions.py] INFO    - Message was successfully received
[2018-06-07 04:31:13      Directions.py] INFO    - Connection being established
[2018-06-07 04:31:13      Directions.py] INFO    - Binding to port 8888
[2018-06-07 04:32:37      Directions.py] INFO    - Connection being established
[2018-06-07 04:32:37      Directions.py] INFO    - Binding to port 8888
[2018-06-07 04:33:29      Directions.py] INFO    - Connection being established
[2018-06-07 04:33:29      Directions.py] INFO    - Binding to port 8888
[2018-06-07 04:33:29      Directions.py] INFO    - Sending message to DNS server
[2018-06-07 04:34:25      Directions.py] INFO    - Connection being established
[2018-06-07 04:34:25      Directions.py] INFO    - Binding to port 8888
[2018-06-07 04:34:25      Directions.py] INFO    - Sending message to DNS server
[2018-06-07 04:34:25      Directions.py] INFO    - Message was successfully received
[2018-06-07 04:38:40      Directions.py] INFO    - Connection being established
[2018-06-07 04:38:40      Directions.py] INFO    - Binding to port 8888
[2018-06-07 04:38:40      Directions.py] INFO    - Sending message to DNS server
[2018-06-07 04:38:40      Directions.py] INFO    - Message was successfully received
[2018-06-07 04:44:03      Directions.py] INFO    - Connection being established
[2018-06-07 04:44:03      Directions.py] INFO    - Binding to port 8888
[2018-06-07 04:44:03      Directions.py] INFO    - Sending message to DNS server
[2018-06-07 04:44:03      Directions.py] INFO    - Message was successfully received
[2018-06-07 04:45:13      Directions.py] INFO    - Connection being established
[2018-06-07 04:45:13      Directions.py] INFO    - Binding to port 8888
[2018-06-07 04:45:13      Directions.py] INFO    - Sending message to DNS server
[2018-06-07 04:45:13      Directions.py] INFO    - Message was successfully received
[2018-06-07 04:46:12      Directions.py] INFO    - Connection being established
[2018-06-07 04:46:12      Directions.py] INFO    - Binding to port 8888
[2018-06-07 04:46:12      Directions.py] INFO    - Sending message to DNS server
[2018-06-07 04:46:12      Directions.py] INFO    - Message was successfully received
[2018-06-07 05:15:15      Directions.py] INFO    - Connection being established
[2018-06-07 05:15:15      Directions.py] INFO    - Binding to port 8888
[2018-06-07 05:15:15      Directions.py] INFO    - Sending message to DNS server
[2018-06-07 05:15:15      Directions.py] INFO    - Message was successfully received
[2018-06-07 05:25:57      Directions.py] INFO    - Connection being established
[2018-06-07 05:25:57      Directions.py] INFO    - Binding to port 8888
[2018-06-07 05:25:57      Directions.py] INFO    - Sending message to DNS server
[2018-06-07 05:25:57      Directions.py] INFO    - Message was successfully received
[2018-06-07 05:45:15      Directions.py] INFO    - Connection being established
[2018-06-07 05:45:15      Directions.py] INFO    - Binding to port 8888
[2018-06-07 05:45:15      Directions.py] INFO    - Sending message to DNS server
[2018-06-07 05:45:15      Directions.py] INFO    - Message was successfully received
[2018-06-07 05:45:39      Directions.py] INFO    - Connection being established
[2018-06-07 05:45:39      Directions.py] INFO    - Binding to port 8888
[2018-06-07 05:45:39      Directions.py] INFO    - Sending message to DNS server
[2018-06-07 05:45:39      Directions.py] INFO    - Message was successfully received
[2018-06-07 05:53:01      Directions.py] INFO    - Connection being established
[2018-06-07 05:53:01      Directions.py] INFO    - Binding to port 8888
[2018-06-07 05:53:01      Directions.py] INFO    - Sending message to DNS server
[2018-06-07 05:53:01      Directions.py] INFO    - Message was successfully received
[2018-06-07 05:53:18      Directions.py] INFO    - Connection being established
[2018-06-07 05:53:18      Directions.py] INFO    - Binding to port 8888
[2018-06-07 05:53:18      Directions.py] INFO    - Sending message to DNS server
[2018-06-07 05:53:18      Directions.py] INFO    - Message was successfully received
[2018-06-07 05:54:16      Directions.py] INFO    - Connection being established
[2018-06-07 05:54:16      Directions.py] INFO    - Binding to port 8888
[2018-06-07 05:54:16      Directions.py] INFO    - Sending message to DNS server
[2018-06-07 05:54:16      Directions.py] INFO    - Message was successfully received
[2018-06-07 06:08:11      Directions.py] INFO    - Connection being established
[2018-06-07 06:08:11      Directions.py] INFO    - Binding to port 8888
[2018-06-07 06:08:11      Directions.py] INFO    - Sending message to DNS server
[2018-06-07 06:08:11      Directions.py] INFO    - Message was successfully received
[2018-06-07 06:08:29      Directions.py] INFO    - Connection being established
[2018-06-07 06:08:29      Directions.py] INFO    - Binding to port 8888
[2018-06-07 06:08:29      Directions.py] INFO    - Sending message to DNS server
[2018-06-07 06:08:29      Directions.py] INFO    - Message was successfully received
[2018-06-07 06:08:41      Directions.py] INFO    - Connection being established
[2018-06-07 06:08:41      Directions.py] INFO    - Binding to port 8888
[2018-06-07 06:08:41      Directions.py] INFO    - Sending message to DNS server
[2018-06-07 06:08:41      Directions.py] INFO    - Message was successfully received
[2018-06-07 06:09:04      Directions.py] INFO    - Connection being established
[2018-06-07 06:09:04      Directions.py] INFO    - Binding to port 8888
[2018-06-07 06:09:04      Directions.py] INFO    - Sending message to DNS server
[2018-06-07 06:09:04      Directions.py] INFO    - Message was successfully received
[2018-06-07 06:10:43      Directions.py] INFO    - Connection being established
[2018-06-07 06:10:43      Directions.py] INFO    - Binding to port 8888
[2018-06-07 06:10:43      Directions.py] INFO    - Sending message to DNS server
[2018-06-07 06:10:43      Directions.py] INFO    - Message was successfully received
[2018-06-07 06:11:32      Directions.py] INFO    - Connection being established
[2018-06-07 06:11:32      Directions.py] INFO    - Binding to port 8888
[2018-06-07 06:11:32      Directions.py] INFO    - Sending message to DNS server
[2018-06-07 06:11:32      Directions.py] INFO    - Message was successfully received
[2018-06-07 06:11:41      Directions.py] INFO    - Connection being established
[2018-06-07 06:11:41      Directions.py] INFO    - Binding to port 8888
[2018-06-07 06:11:41      Directions.py] INFO    - Sending message to DNS server
[2018-06-07 06:11:41      Directions.py] INFO    - Message was successfully received
[2018-06-07 06:11:49      Directions.py] INFO    - Connection being established
[2018-06-07 06:11:49      Directions.py] INFO    - Binding to port 8888
[2018-06-07 06:11:49      Directions.py] INFO    - Sending message to DNS server
[2018-06-07 06:11:49      Directions.py] INFO    - Message was successfully received
[2018-06-07 06:12:01      Directions.py] INFO    - Connection being established
[2018-06-07 06:12:01      Directions.py] INFO    - Binding to port 8888
[2018-06-07 06:12:01      Directions.py] INFO    - Sending message to DNS server
[2018-06-07 06:12:01      Directions.py] INFO    - Message was successfully received
[2018-06-07 06:12:42      Directions.py] INFO    - Connection being established
[2018-06-07 06:12:42      Directions.py] INFO    - Binding to port 8888
[2018-06-07 06:12:42      Directions.py] INFO    - Sending message to DNS server
[2018-06-07 06:12:42      Directions.py] INFO    - Message was successfully received
[2018-06-07 06:12:54      Directions.py] INFO    - Connection being established
[2018-06-07 06:12:54      Directions.py] INFO    - Binding to port 8888
[2018-06-07 06:12:54      Directions.py] INFO    - Sending message to DNS server
[2018-06-07 06:13:18      Directions.py] INFO    - Sending message to DNS server
[2018-06-07 06:13:25      Directions.py] INFO    - Sending message to DNS server
[2018-06-07 06:13:25      Directions.py] INFO    - Message was successfully received
[2018-06-07 15:09:19      Directions.py] INFO    - Connection being established
[2018-06-07 15:09:19      Directions.py] INFO    - Binding to port 8888
[2018-06-07 15:09:19      Directions.py] INFO    - Sending message to DNS server
[2018-06-07 15:09:19      Directions.py] INFO    - Message was successfully received
[2018-06-07 15:09:35      Directions.py] INFO    - Connection being established
[2018-06-07 15:09:35      Directions.py] INFO    - Binding to port 8888
[2018-06-07 15:09:35      Directions.py] INFO    - Sending message to DNS server
[2018-06-07 15:09:35      Directions.py] INFO    - Message was successfully received
[2018-06-07 15:10:21      Directions.py] INFO    - Connection being established
[2018-06-07 15:10:21      Directions.py] INFO    - Binding to port 8888
[2018-06-07 15:10:21      Directions.py] INFO    - Sending message to DNS server
[2018-06-07 15:10:26      Directions.py] INFO    - Message was successfully received
[2018-06-07 15:11:30      Directions.py] INFO    - Connection being established
[2018-06-07 15:11:30      Directions.py] INFO    - Binding to port 8888
[2018-06-07 15:11:30      Directions.py] INFO    - Sending message to DNS server
[2018-06-07 15:11:30      Directions.py] INFO    - Message was successfully received
[2018-06-07 15:12:00      Directions.py] INFO    - Connection being established
[2018-06-07 15:12:00      Directions.py] INFO    - Binding to port 8888
[2018-06-07 15:12:00      Directions.py] INFO    - Sending message to DNS server
[2018-06-07 15:12:00      Directions.py] INFO    - Message was successfully received
[2018-06-07 15:13:29      Directions.py] INFO    - Connection being established
[2018-06-07 15:13:29      Directions.py] INFO    - Binding to port 8888
[2018-06-07 15:13:29      Directions.py] INFO    - Sending message to DNS server
[2018-06-07 15:13:29      Directions.py] INFO    - Message was successfully received
[2018-06-07 15:16:08      Directions.py] INFO    - Connection being established
[2018-06-07 15:16:08      Directions.py] INFO    - Binding to port 8888
[2018-06-07 15:16:08      Directions.py] INFO    - Sending message to DNS server
[2018-06-07 15:16:08      Directions.py] INFO    - Message was successfully received
[2018-06-07 15:16:19      Directions.py] INFO    - Connection being established
[2018-06-07 15:16:19      Directions.py] INFO    - Binding to port 8888
[2018-06-07 15:16:19      Directions.py] INFO    - Sending message to DNS server
[2018-06-07 15:16:19      Directions.py] INFO    - Message was successfully received
[2018-06-07 15:16:32      Directions.py] INFO    - Connection being established
[2018-06-07 15:16:32      Directions.py] INFO    - Binding to port 8888
[2018-06-07 15:16:32      Directions.py] INFO    - Sending message to DNS server
[2018-06-07 15:16:55      Directions.py] INFO    - Sending message to DNS server
[2018-06-07 15:16:55      Directions.py] INFO    - Message was successfully received
[2018-06-07 15:16:58      Directions.py] INFO    - Connection being established
[2018-06-07 15:16:58      Directions.py] INFO    - Binding to port 8888
[2018-06-07 15:16:58      Directions.py] INFO    - Sending message to DNS server
[2018-06-07 15:16:58      Directions.py] INFO    - Message was successfully received
[2018-06-07 15:17:02      Directions.py] INFO    - Connection being established
[2018-06-07 15:17:02      Directions.py] INFO    - Binding to port 8888
[2018-06-07 15:17:02      Directions.py] INFO    - Sending message to DNS server
[2018-06-07 15:17:02      Directions.py] INFO    - Message was successfully received
[2018-06-07 15:17:05      Directions.py] INFO    - Connection being established
[2018-06-07 15:17:05      Directions.py] INFO    - Binding to port 8888
[2018-06-07 15:17:05      Directions.py] INFO    - Sending message to DNS server
[2018-06-07 15:17:05      Directions.py] INFO    - Message was successfully received
[2018-06-07 15:17:08      Directions.py] INFO    - Connection being established
[2018-06-07 15:17:08      Directions.py] INFO    - Binding to port 8888
[2018-06-07 15:17:08      Directions.py] INFO    - Sending message to DNS server
[2018-06-07 15:17:08      Directions.py] INFO    - Message was successfully received
[2018-06-07 15:17:17      Directions.py] INFO    - Connection being established
[2018-06-07 15:17:18      Directions.py] INFO    - Binding to port 8888
[2018-06-07 15:17:18      Directions.py] INFO    - Sending message to DNS server
[2018-06-07 15:17:18      Directions.py] INFO    - Message was successfully received
[2018-06-07 15:17:30      Directions.py] INFO    - Connection being established
[2018-06-07 15:17:30      Directions.py] INFO    - Binding to port 8888
[2018-06-07 15:17:30      Directions.py] INFO    - Sending message to DNS server
[2018-06-07 15:17:35      Directions.py] INFO    - Sending message to DNS server
[2018-06-07 15:17:39      Directions.py] INFO    - Sending message to DNS server
[2018-06-07 15:17:43      Directions.py] INFO    - Sending message to DNS server
[2018-06-07 15:17:47      Directions.py] INFO    - Sending message to DNS server
[2018-06-07 15:17:50      Directions.py] INFO    - Sending message to DNS server
[2018-06-07 15:17:53      Directions.py] INFO    - Sending message to DNS server
[2018-06-07 15:17:55      Directions.py] INFO    - Sending message to DNS server
[2018-06-07 15:17:56      Directions.py] INFO    - Message was successfully received
[2018-06-07 15:17:59      Directions.py] INFO    - Connection being established
[2018-06-07 15:17:59      Directions.py] INFO    - Binding to port 8888
[2018-06-07 15:17:59      Directions.py] INFO    - Sending message to DNS server
[2018-06-07 15:17:59      Directions.py] INFO    - Message was successfully received
[2018-06-07 15:18:06      Directions.py] INFO    - Connection being established
[2018-06-07 15:18:06      Directions.py] INFO    - Binding to port 8888
[2018-06-07 15:18:06      Directions.py] INFO    - Sending message to DNS server
[2018-06-07 15:18:07      Directions.py] INFO    - Message was successfully received
[2018-06-07 15:18:10      Directions.py] INFO    - Connection being established
[2018-06-07 15:18:10      Directions.py] INFO    - Binding to port 8888
[2018-06-07 15:18:10      Directions.py] INFO    - Sending message to DNS server
[2018-06-07 15:18:10      Directions.py] INFO    - Message was successfully received
[2018-06-07 15:18:51      Directions.py] INFO    - Connection being established
[2018-06-07 15:18:51      Directions.py] INFO    - Binding to port 8888
[2018-06-07 15:18:51      Directions.py] INFO    - Sending message to DNS server
[2018-06-07 15:18:51      Directions.py] INFO    - Message was successfully received
[2018-06-07 15:19:09      Directions.py] INFO    - Connection being established
[2018-06-07 15:19:09      Directions.py] INFO    - Binding to port 8888
[2018-06-07 15:19:09      Directions.py] INFO    - Sending message to DNS server
[2018-06-07 15:19:09      Directions.py] INFO    - Message was successfully received
[2018-06-07 15:20:54      Directions.py] INFO    - Connection being established
[2018-06-07 15:20:54      Directions.py] INFO    - Binding to port 8888
[2018-06-07 15:20:54      Directions.py] INFO    - Sending message to DNS server
[2018-06-07 15:20:54      Directions.py] INFO    - Message was successfully received
[2018-06-07 15:20:58      Directions.py] INFO    - Connection being established
[2018-06-07 15:20:58      Directions.py] INFO    - Binding to port 8888
[2018-06-07 15:20:58      Directions.py] INFO    - Sending message to DNS server
[2018-06-07 15:20:58      Directions.py] INFO    - Message was successfully received
[2018-06-07 15:23:47      Directions.py] INFO    - Connection being established
[2018-06-07 15:23:47      Directions.py] INFO    - Binding to port 8888
[2018-06-07 15:23:47      Directions.py] INFO    - Sending message to DNS server
[2018-06-07 15:23:47      Directions.py] ERROR   - [Errno 8] nodename nor servname provided, or not known
[2018-06-07 15:23:47      Directions.py] INFO    - Message was successfully received
[2018-06-07 15:24:57      Directions.py] INFO    - Connection being established
[2018-06-07 15:24:57      Directions.py] INFO    - Binding to port 8888
[2018-06-07 15:24:57      Directions.py] INFO    - Sending message to DNS server
[2018-06-07 15:24:57      Directions.py] ERROR   - [Errno 8] nodename nor servname provided, or not known
[2018-06-07 15:24:57      Directions.py] INFO    - Message was successfully received
[2018-06-07 15:26:23      Directions.py] INFO    - Connection being established
[2018-06-07 15:26:23      Directions.py] INFO    - Binding to port 8888
[2018-06-07 15:26:23      Directions.py] INFO    - Sending message to DNS server
[2018-06-07 15:26:23      Directions.py] ERROR   - [Errno 8] nodename nor servname provided, or not known
[2018-06-07 15:27:00      Directions.py] INFO    - Connection being established
[2018-06-07 15:27:00      Directions.py] INFO    - Binding to port 8888
[2018-06-07 15:27:00      Directions.py] INFO    - Sending message to DNS server
[2018-06-07 15:27:00      Directions.py] ERROR   - [Errno 8] nodename nor servname provided, or not known
[2018-06-07 15:28:14      Directions.py] INFO    - Connection being established
[2018-06-07 15:28:14      Directions.py] INFO    - Binding to port 8888
[2018-06-07 15:28:14      Directions.py] INFO    - Sending message to DNS server
[2018-06-07 15:28:14      Directions.py] ERROR   - [Errno 8] nodename nor servname provided, or not known
[2018-06-07 15:29:01      Directions.py] INFO    - Connection being established
[2018-06-07 15:29:01      Directions.py] INFO    - Binding to port 8888
[2018-06-07 15:29:01      Directions.py] INFO    - Sending message to DNS server
[2018-06-07 15:29:28      Directions.py] INFO    - Connection being established
[2018-06-07 15:29:28      Directions.py] INFO    - Binding to port 8888
[2018-06-07 15:29:28      Directions.py] INFO    - Sending message to DNS server
[2018-06-07 15:29:28      Directions.py] INFO    - Message was successfully received
[2018-06-07 15:31:05      Directions.py] INFO    - Connection being established
[2018-06-07 15:31:05      Directions.py] INFO    - Binding to port 8888
[2018-06-07 15:31:05      Directions.py] INFO    - Sending message to DNS server
[2018-06-07 15:31:29      Directions.py] INFO    - Connection being established
[2018-06-07 15:31:29      Directions.py] INFO    - Binding to port 8888
[2018-06-07 15:31:29      Directions.py] INFO    - Sending message to DNS server
[2018-06-07 15:31:29      Directions.py] INFO    - Message was successfully received
[2018-06-07 15:32:10      Directions.py] INFO    - Connection being established
[2018-06-07 15:32:10      Directions.py] INFO    - Binding to port 8888
[2018-06-07 15:32:10      Directions.py] INFO    - Sending message to DNS server
[2018-06-07 15:32:10      Directions.py] INFO    - Message was successfully received
[2018-06-07 15:32:19      Directions.py] INFO    - Connection being established
[2018-06-07 15:32:19      Directions.py] INFO    - Binding to port 8888
[2018-06-07 15:32:19      Directions.py] INFO    - Sending message to DNS server
[2018-06-07 15:32:19      Directions.py] INFO    - Message was successfully received
[2018-06-07 15:32:57      Directions.py] INFO    - Connection being established
[2018-06-07 15:32:57      Directions.py] INFO    - Binding to port 8888
[2018-06-07 15:32:57      Directions.py] INFO    - Sending message to DNS server
[2018-06-07 15:32:57      Directions.py] INFO    - Message was successfully received
[2018-06-07 16:14:43      Directions.py] INFO    - Connection being established
[2018-06-07 16:14:43      Directions.py] INFO    - Binding to port 8888
[2018-06-07 16:14:43      Directions.py] INFO    - Sending message to DNS server
[2018-06-07 16:14:43      Directions.py] INFO    - Message was successfully received
[2018-06-07 17:45:03      Directions.py] INFO    - Connection being established
[2018-06-07 17:45:03      Directions.py] INFO    - Binding to port 8888
[2018-06-07 17:45:40      Directions.py] INFO    - Connection being established
[2018-06-07 17:45:40      Directions.py] INFO    - Binding to port 8888
[2018-06-07 17:45:40      Directions.py] INFO    - Sending message to DNS server
[2018-06-07 17:45:40      Directions.py] INFO    - Message was successfully received
[2018-06-07 17:45:54      Directions.py] INFO    - Connection being established
[2018-06-07 17:45:54      Directions.py] INFO    - Binding to port 8888
[2018-06-07 17:45:54      Directions.py] INFO    - Sending message to DNS server
[2018-06-07 17:45:54      Directions.py] INFO    - Message was successfully received
[2018-06-07 17:50:53      Directions.py] INFO    - Connection being established
[2018-06-07 17:50:53      Directions.py] INFO    - Binding to port 8888
[2018-06-07 17:50:53      Directions.py] INFO    - Sending message to DNS server
[2018-06-07 17:50:53      Directions.py] INFO    - Message was successfully received
[2018-06-07 18:06:31      Directions.py] INFO    - Connection being established
[2018-06-07 18:06:31      Directions.py] INFO    - Binding to port 8888
[2018-06-07 18:06:31      Directions.py] INFO    - Sending message to DNS server
[2018-06-07 18:06:31      Directions.py] INFO    - Message was successfully received
[2018-06-07 18:08:27      Directions.py] INFO    - Connection being established
[2018-06-07 18:08:27      Directions.py] INFO    - Binding to port 8888
[2018-06-07 18:08:27      Directions.py] INFO    - Sending message to DNS server
[2018-06-07 18:08:27      Directions.py] INFO    - Message was successfully received
[2018-06-07 18:08:46      Directions.py] INFO    - Connection being established
[2018-06-07 18:08:46      Directions.py] INFO    - Binding to port 8888
[2018-06-07 18:08:46      Directions.py] INFO    - Sending message to DNS server
[2018-06-07 18:08:46      Directions.py] INFO    - Message was successfully received
[2018-06-07 18:09:03      Directions.py] INFO    - Connection being established
[2018-06-07 18:09:03      Directions.py] INFO    - Binding to port 8888
[2018-06-07 18:09:03      Directions.py] INFO    - Sending message to DNS server
[2018-06-07 18:09:04      Directions.py] INFO    - Message was successfully received
[2018-06-07 18:09:54      Directions.py] INFO    - Connection being established
[2018-06-07 18:09:54      Directions.py] INFO    - Binding to port 8888
[2018-06-07 18:09:54      Directions.py] INFO    - Sending message to DNS server
[2018-06-07 18:09:54      Directions.py] INFO    - Message was successfully received
[2018-06-07 18:09:54      Directions.py] INFO    - Hex to bytes
[2018-06-07 18:10:11      Directions.py] INFO    - Connection being established
[2018-06-07 18:10:11      Directions.py] INFO    - Binding to port 8888
[2018-06-07 18:10:11      Directions.py] INFO    - Sending message to DNS server
[2018-06-07 18:10:11      Directions.py] INFO    - Message was successfully received
[2018-06-07 18:10:11      Directions.py] INFO    - Hex to bytes: None
[2018-06-07 18:10:42      Directions.py] INFO    - Connection being established
[2018-06-07 18:10:42      Directions.py] INFO    - Binding to port 8888
[2018-06-07 18:10:42      Directions.py] INFO    - Sending message to DNS server
[2018-06-07 18:10:42      Directions.py] INFO    - Message was successfully received
[2018-06-07 18:10:42      Directions.py] INFO    - Hex to bytes: None
[2018-06-07 18:11:43      Directions.py] INFO    - Connection being established
[2018-06-07 18:11:43      Directions.py] INFO    - Binding to port 8888
[2018-06-07 18:11:43      Directions.py] INFO    - Sending message to DNS server
[2018-06-07 18:11:43      Directions.py] INFO    - Message was successfully received
[2018-06-07 18:11:43      Directions.py] INFO    - Hex to bytes: ['72b1', '8180', '0001', '0001', '0000', '0000', '0866', '6163', '6562', '6f6f', '6b03', '636f', '6d00', '0001', '0001', 'c00c', '0001', '0001', '0000', '0074', '0004', '9df0', '1323']
[2018-06-07 18:12:42      Directions.py] INFO    - Connection being established
[2018-06-07 18:12:42      Directions.py] INFO    - Binding to port 8888
[2018-06-07 18:12:42      Directions.py] INFO    - Sending message to DNS server
[2018-06-07 18:12:42      Directions.py] INFO    - Message was successfully received
[2018-06-07 18:12:42      Directions.py] INFO    - Hex to bytes: ['234d', '8180', '0001', '0001', '0000', '0000', '0866', '6163', '6562', '6f6f', '6b03', '636f', '6d00', '0001', '0001', 'c00c', '0001', '0001', '0000', '0039', '0004', '9df0', '1323']
